<?xml version="1.0" encoding="UTF-8"?>
<testsuite xmlns:xsi="http://www.w3.org/2001/XMLSchema-instance" xsi:noNamespaceSchemaLocation="https://maven.apache.org/surefire/maven-surefire-plugin/xsd/surefire-test-report-3.0.xsd" version="3.0" name="com.kb.lims.LimsApplicationTests" time="5.003" tests="1" errors="0" skipped="0" failures="0">
  <properties>
[...]
</properties>
  <testcase name="contextLoads" classname="com.kb.lims.LimsApplicationTests" time="0.351">
    <system-out><![CDATA[14:30:55.407 [main] DEBUG org.springframework.test.context.BootstrapUtils - Instantiating CacheAwareContextLoaderDelegate from class [org.springframework.test.context.cache.DefaultCacheAwareContextLoaderDelegate]
14:30:55.436 [main] DEBUG org.springframework.test.context.BootstrapUtils - Instantiating BootstrapContext using constructor [public org.springframework.test.context.support.DefaultBootstrapContext(java.lang.Class,org.springframework.test.context.CacheAwareContextLoaderDelegate)]
14:30:55.534 [main] DEBUG org.springframework.test.context.BootstrapUtils - Instantiating TestContextBootstrapper for test class [com.kb.lims.LimsApplicationTests] from class [org.springframework.boot.test.context.SpringBootTestContextBootstrapper]
14:30:55.575 [main] INFO org.springframework.boot.test.context.SpringBootTestContextBootstrapper - Neither @ContextConfiguration nor @ContextHierarchy found for test class [com.kb.lims.LimsApplicationTests], using SpringBootContextLoader
14:30:55.584 [main] DEBUG org.springframework.test.context.support.AbstractContextLoader - Did not detect default resource location for test class [com.kb.lims.LimsApplicationTests]: class path resource [com/kb/lims/LimsApplicationTests-context.xml] does not exist
14:30:55.584 [main] DEBUG org.springframework.test.context.support.AbstractContextLoader - Did not detect default resource location for test class [com.kb.lims.LimsApplicationTests]: class path resource [com/kb/lims/LimsApplicationTestsContext.groovy] does not exist
14:30:55.585 [main] INFO org.springframework.test.context.support.AbstractContextLoader - Could not detect default resource locations for test class [com.kb.lims.LimsApplicationTests]: no resource found for suffixes {-context.xml, Context.groovy}.
14:30:55.586 [main] INFO org.springframework.test.context.support.AnnotationConfigContextLoaderUtils - Could not detect default configuration classes for test class [com.kb.lims.LimsApplicationTests]: LimsApplicationTests does not declare any static, non-private, non-final, nested classes annotated with @Configuration.
14:30:55.648 [main] DEBUG org.springframework.test.context.support.ActiveProfilesUtils - Could not find an 'annotation declaring class' for annotation type [org.springframework.test.context.ActiveProfiles] and class [com.kb.lims.LimsApplicationTests]
14:30:55.726 [main] DEBUG org.springframework.context.annotation.ClassPathScanningCandidateComponentProvider - Identified candidate component class: file [C:\Users\abc\IdeaProjects\lims\target\classes\com\kb\lims\LimsApplication.class]
14:30:55.728 [main] INFO org.springframework.boot.test.context.SpringBootTestContextBootstrapper - Found @SpringBootConfiguration com.kb.lims.LimsApplication for test class com.kb.lims.LimsApplicationTests
14:30:55.853 [main] DEBUG org.springframework.boot.test.context.SpringBootTestContextBootstrapper - @TestExecutionListeners is not present for class [com.kb.lims.LimsApplicationTests]: using defaults.
14:30:55.854 [main] INFO org.springframework.boot.test.context.SpringBootTestContextBootstrapper - Loaded default TestExecutionListener class names from location [META-INF/spring.factories]: [org.springframework.boot.test.mock.mockito.MockitoTestExecutionListener, org.springframework.boot.test.mock.mockito.ResetMocksTestExecutionListener, org.springframework.boot.test.autoconfigure.restdocs.RestDocsTestExecutionListener, org.springframework.boot.test.autoconfigure.web.client.MockRestServiceServerResetTestExecutionListener, org.springframework.boot.test.autoconfigure.web.servlet.MockMvcPrintOnlyOnFailureTestExecutionListener, org.springframework.boot.test.autoconfigure.web.servlet.WebDriverTestExecutionListener, org.springframework.boot.test.autoconfigure.webservices.client.MockWebServiceServerTestExecutionListener, org.springframework.test.context.web.ServletTestExecutionListener, org.springframework.test.context.support.DirtiesContextBeforeModesTestExecutionListener, org.springframework.test.context.event.ApplicationEventsTestExecutionListener, org.springframework.test.context.support.DependencyInjectionTestExecutionListener, org.springframework.test.context.support.DirtiesContextTestExecutionListener, org.springframework.test.context.transaction.TransactionalTestExecutionListener, org.springframework.test.context.jdbc.SqlScriptsTestExecutionListener, org.springframework.test.context.event.EventPublishingTestExecutionListener]
14:30:55.873 [main] INFO org.springframework.boot.test.context.SpringBootTestContextBootstrapper - Using TestExecutionListeners: [org.springframework.test.context.web.ServletTestExecutionListener@74f5ce22, org.springframework.test.context.support.DirtiesContextBeforeModesTestExecutionListener@25aca718, org.springframework.test.context.event.ApplicationEventsTestExecutionListener@16fdec90, org.springframework.boot.test.mock.mockito.MockitoTestExecutionListener@1afdd473, org.springframework.boot.test.autoconfigure.SpringBootDependencyInjectionTestExecutionListener@40238dd0, org.springframework.test.context.support.DirtiesContextTestExecutionListener@7776ab, org.springframework.test.context.transaction.TransactionalTestExecutionListener@79179359, org.springframework.test.context.jdbc.SqlScriptsTestExecutionListener@dbd8e44, org.springframework.test.context.event.EventPublishingTestExecutionListener@51acdf2e, org.springframework.boot.test.mock.mockito.ResetMocksTestExecutionListener@6a55299e, org.springframework.boot.test.autoconfigure.restdocs.RestDocsTestExecutionListener@2f1de2d6, org.springframework.boot.test.autoconfigure.web.client.MockRestServiceServerResetTestExecutionListener@4eb386df, org.springframework.boot.test.autoconfigure.web.servlet.MockMvcPrintOnlyOnFailureTestExecutionListener@79517588, org.springframework.boot.test.autoconfigure.web.servlet.WebDriverTestExecutionListener@3a0baae5, org.springframework.boot.test.autoconfigure.webservices.client.MockWebServiceServerTestExecutionListener@7ac0e420]
14:30:55.878 [main] DEBUG org.springframework.test.context.support.AbstractDirtiesContextTestExecutionListener - Before test class: context [DefaultTestContext@78383390 testClass = LimsApplicationTests, testInstance = [null], testMethod = [null], testException = [null], mergedContextConfiguration = [WebMergedContextConfiguration@6ad3381f testClass = LimsApplicationTests, locations = '{}', classes = '{class com.kb.lims.LimsApplication}', contextInitializerClasses = '[]', activeProfiles = '{}', propertySourceLocations = '{}', propertySourceProperties = '{org.springframework.boot.test.context.SpringBootTestContextBootstrapper=true}', contextCustomizers = set[org.springframework.boot.test.context.filter.ExcludeFilterContextCustomizer@563f38c4, org.springframework.boot.test.json.DuplicateJsonObjectContextCustomizerFactory$DuplicateJsonObjectContextCustomizer@117159c0, org.springframework.boot.test.mock.mockito.MockitoContextCustomizer@0, org.springframework.boot.test.web.client.TestRestTemplateContextCustomizer@742ff096, org.springframework.boot.test.autoconfigure.actuate.metrics.MetricsExportContextCustomizerFactory$DisableMetricExportContextCustomizer@4b29d1d2, org.springframework.boot.test.autoconfigure.properties.PropertyMappingContextCustomizer@0, org.springframework.boot.test.autoconfigure.web.servlet.WebDriverContextCustomizerFactory$Customizer@2767e23c, org.springframework.boot.test.context.SpringBootTestArgs@1, org.springframework.boot.test.context.SpringBootTestWebEnvironment@17776a8], resourceBasePath = 'src/main/webapp', contextLoader = 'org.springframework.boot.test.context.SpringBootContextLoader', parent = [null]], attributes = map['org.springframework.test.context.web.ServletTestExecutionListener.activateListener' -> true]], class annotated with @DirtiesContext [false] with mode [null].

  .   ____          _            __ _ _
 /\\ / ___'_ __ _ _(_)_ __  __ _ \ \ \ \
( ( )\___ | '_ | '_| | '_ \/ _` | \ \ \ \
 \\/  ___)| |_)| | | | | || (_| |  ) ) ) )
  '  |____| .__|_| |_|_| |_\__, | / / / /
 =========|_|==============|___/=/_/_/_/
 :: Spring Boot ::               (v2.6.13)

2025-02-27 14:30:56.341  INFO 3040 --- [           main] com.kb.lims.LimsApplicationTests         : Starting LimsApplicationTests using Java 23.0.1 on DESKTOP-6URABL8 with PID 3040 (started by abc in C:\Users\abc\IdeaProjects\lims)
2025-02-27 14:30:56.342  INFO 3040 --- [           main] com.kb.lims.LimsApplicationTests         : No active profile set, falling back to 1 default profile: "default"
 _ _   |_  _ _|_. ___ _ |    _ 
| | |\/|_)(_| | |_\  |_)||_|_\ 
     /               |         
                        3.4.2 
2025-02-27 14:30:58.311  WARN 3040 --- [           main] c.b.m.core.injector.AbstractMethod       : [com.kb.lims.mapper.BenchMapper.updateById] Has been loaded by XML or SqlProvider or Mybatis's Annotation, so ignoring this injection for [class com.baomidou.mybatisplus.core.injector.methods.UpdateById]
2025-02-27 14:30:58.441  WARN 3040 --- [           main] c.b.m.core.injector.AbstractMethod       : [com.kb.lims.mapper.TicketMapper.updateById] Has been loaded by XML or SqlProvider or Mybatis's Annotation, so ignoring this injection for [class com.baomidou.mybatisplus.core.injector.methods.UpdateById]
2025-02-27 14:30:58.518  WARN 3040 --- [           main] c.b.m.core.injector.AbstractMethod       : [com.kb.lims.mapper.UserMapper.updateById] Has been loaded by XML or SqlProvider or Mybatis's Annotation, so ignoring this injection for [class com.baomidou.mybatisplus.core.injector.methods.UpdateById]
2025-02-27 14:30:59.318  INFO 3040 --- [           main] o.s.b.a.w.s.WelcomePageHandlerMapping    : Adding welcome page: class path resource [static/index.html]
2025-02-27 14:30:59.844  INFO 3040 --- [           main] com.kb.lims.LimsApplicationTests         : Started LimsApplicationTests in 3.923 seconds (JVM running for 6.046)
]]></system-out>
  </testcase>
</testsuite>